<?xml version="1.0" encoding="UTF-8"?><testsuite errors="1" failures="0" name="Duckduckgo automated test" skipped="0" tests="1" time="15.95" timestamp="2022-05-04 04:42:54"><testcase name="Navigating to duck duck go and search for the gov.uk website"><error message="Timed out after 2 seconds. Element not found&#10;For documentation on this error, please visit: https://www.seleniumhq.org/exceptions/no_such_element.html&#10;Build info: version: '3.141.59', revision: 'e82be7d358', time: '2018-11-14T08:17:03'&#10;System info: host: '2I059', ip: '192.168.1.230', os.name: 'Windows 10', os.arch: 'amd64', os.version: '10.0', java.version: '11.0.14.1'&#10;Driver info: driver.version: unknown&#10;For documentation on this error, please visit: https://www.seleniumhq.org/exceptions/no_such_element.html&#10;Build info: version: '3.141.59', revision: 'e82be7d358', time: '2018-11-14T08:17:03'&#10;System info: host: '2I059', ip: '192.168.1.230', os.name: 'Windows 10', os.arch: 'amd64', os.version: '10.0', java.version: '11.0.14.1'&#10;Driver info: driver.version: unknown" type="org.openqa.selenium.NoSuchElementException">Timed out after 2 seconds. Element not found
For documentation on this error, please visit: https://www.seleniumhq.org/exceptions/no_such_element.html
Build info: version: '3.141.59', revision: 'e82be7d358', time: '2018-11-14T08:17:03'
System info: host: '2I059', ip: '192.168.1.230', os.name: 'Windows 10', os.arch: 'amd64', os.version: '10.0', java.version: '11.0.14.1'
Driver info: driver.version: unknown
For documentation on this error, please visit: https://www.seleniumhq.org/exceptions/no_such_element.html
Build info: version: '3.141.59', revision: 'e82be7d358', time: '2018-11-14T08:17:03'
System info: host: '2I059', ip: '192.168.1.230', os.name: 'Windows 10', os.arch: 'amd64', os.version: '10.0', java.version: '11.0.14.1'
Driver info: driver.version: unknown</error><system-err>Timed out after 2 seconds. Element not found
For documentation on this error, please visit: https://www.seleniumhq.org/exceptions/no_such_element.html
Build info: version: '3.141.59', revision: 'e82be7d358', time: '2018-11-14T08:17:03'
System info: host: '2I059', ip: '192.168.1.230', os.name: 'Windows 10', os.arch: 'amd64', os.version: '10.0', java.version: '11.0.14.1'
Driver info: driver.version: unknown
For documentation on this error, please visit: https://www.seleniumhq.org/exceptions/no_such_element.html
Build info: version: '3.141.59', revision: 'e82be7d358', time: '2018-11-14T08:17:03'
System info: host: '2I059', ip: '192.168.1.230', os.name: 'Windows 10', os.arch: 'amd64', os.version: '10.0', java.version: '11.0.14.1'
Driver info: driver.version: unknown&#13;
generatedframework@1.0.0-SNAPSHOT/UI.pages.DuckDuckGoPage.clickFirstLink(DuckDuckGoPage.java:29)&#13;
generatedframework@1.0.0-SNAPSHOT/UI.stepdefinitions.UISteps.clickFirstLinkFromResults(UISteps.java:35)&#13;
✽.I select the first link(file:///C:/Users/KashifButt/Downloads/generated-framework/generated-framework/src/test/resources/features/UI/duckduckgo.feature:9)&#13;
</system-err></testcase></testsuite>